2025-11-20 20:07:59 - INFO - ==================================================
2025-11-20 20:07:59 - INFO - 开始全量数据导入流程
2025-11-20 20:07:59 - INFO - 目标表: performance
2025-11-20 20:07:59 - INFO - 数据目录: /data6/zhangdw/datasets/beijingshi_tbl_100k
2025-11-20 20:07:59 - INFO - ==================================================
2025-11-20 20:07:59 - INFO - 
>>> 阶段 1: 清空数据 'performance'...
2025-11-20 20:08:00 - INFO - 表数据已清空。
2025-11-20 20:08:00 - INFO - 
>>> 阶段 2: 查找数据文件...
2025-11-20 20:08:00 - INFO - 共找到 500 个文件需要导入。
2025-11-20 20:08:00 - INFO - 
>>> 阶段 3: 开始循环导入文件...
2025-11-20 20:08:00 - INFO -   -> (1/500) 正在导入: merged_0.tbl ... 
2025-11-20 20:08:00 - INFO -       -> 动态获取分区表名: "performance_wa_000"
2025-11-20 20:08:02 - INFO -      ✅ 成功 (耗时: 2.38s | 行数: 100000 | 速度: 42020 row/s)
2025-11-20 20:08:02 - INFO -   -> (2/500) 正在导入: merged_1.tbl ... 
2025-11-20 20:08:02 - INFO -       -> 动态获取分区表名: "performance_wa_000"
2025-11-20 20:08:04 - INFO -      ✅ 成功 (耗时: 2.41s | 行数: 100000 | 速度: 41457 row/s)
2025-11-20 20:08:04 - INFO -   -> (3/500) 正在导入: merged_10.tbl ... 
2025-11-20 20:08:05 - INFO -       -> 动态获取分区表名: "performance_wa_000"
2025-11-20 20:08:07 - INFO -      ✅ 成功 (耗时: 2.21s | 行数: 100000 | 速度: 45312 row/s)
2025-11-20 20:08:07 - INFO -   -> (4/500) 正在导入: merged_100.tbl ... 
2025-11-20 20:08:07 - INFO -       -> 动态获取分区表名: "performance_wa_000"
